{"uid":"1d61087f3730c4af","name":"test_login_with_empty_fields[chrome]","fullName":"tests.test_login.TestLogin#test_login_with_empty_fields","historyId":"fbc60693741734408df8e58d248a0e83","time":{"start":1725241847968,"stop":1725241852965,"duration":4997},"status":"failed","statusMessage":"AssertionError: assert False","statusTrace":"self = <tests.test_login.TestLogin object at 0x0000020171AC20F0>, setup = <selenium.webdriver.chrome.webdriver.WebDriver (session=\"56fc711ac93310ee2d910026f97ba439\")>\nrequest = <FixtureRequest for <Function test_login_with_empty_fields[chrome]>>\n\n    def test_login_with_empty_fields(self,setup, request):\n        self.logger.info(\"***************verifying the test_login_with_empty_fields****************\")\n    \n        driver = setup\n        login= Login(driver)\n        login.set_username(\"\")\n        login.set_password(\"\")\n        login.click_login()\n    \n        empty_username_error = login.get_empty_username_error()\n        empty_password_error = login.get_empty_password_error()\n    \n        if (empty_username_error in [\"Requiredsz\", \"Obligatoiresz\"]) and (empty_password_error in [\"Required\", \"Obligatoire\"]):\n    \n            assert True\n            self.logger.info(\"***************test_login_with_empty_fields passed****************\")\n        else:\n            self.logger.info(\"***************test_login_with_empty_fields failed****************\")\n            test_name = request.node.name\n            screenshots = os.path.join(os.path.dirname(__file__), '..', 'screenshots', f'{test_name}.png')\n            time.sleep(2)\n            driver.save_screenshot(screenshots)\n            with open(screenshots, \"rb\") as image_file:\n                allure.attach(image_file.read(), name=f'Screenshot for {test_name}',  attachment_type=allure.attachment_type.PNG)\n>           assert False\nE           assert False\n\ntests\\test_login.py:89: AssertionError","flaky":false,"newFailed":false,"newBroken":false,"newPassed":false,"retriesCount":2,"retriesStatusChange":true,"beforeStages":[{"name":"setup","time":{"start":1725241813750,"stop":1725241847968,"duration":34218},"status":"passed","steps":[],"attachments":[],"parameters":[],"attachmentsCount":0,"shouldDisplayMessage":false,"hasContent":false,"attachmentStep":false,"stepsCount":0}],"testStage":{"status":"failed","statusMessage":"AssertionError: assert False","statusTrace":"self = <tests.test_login.TestLogin object at 0x0000020171AC20F0>, setup = <selenium.webdriver.chrome.webdriver.WebDriver (session=\"56fc711ac93310ee2d910026f97ba439\")>\nrequest = <FixtureRequest for <Function test_login_with_empty_fields[chrome]>>\n\n    def test_login_with_empty_fields(self,setup, request):\n        self.logger.info(\"***************verifying the test_login_with_empty_fields****************\")\n    \n        driver = setup\n        login= Login(driver)\n        login.set_username(\"\")\n        login.set_password(\"\")\n        login.click_login()\n    \n        empty_username_error = login.get_empty_username_error()\n        empty_password_error = login.get_empty_password_error()\n    \n        if (empty_username_error in [\"Requiredsz\", \"Obligatoiresz\"]) and (empty_password_error in [\"Required\", \"Obligatoire\"]):\n    \n            assert True\n            self.logger.info(\"***************test_login_with_empty_fields passed****************\")\n        else:\n            self.logger.info(\"***************test_login_with_empty_fields failed****************\")\n            test_name = request.node.name\n            screenshots = os.path.join(os.path.dirname(__file__), '..', 'screenshots', f'{test_name}.png')\n            time.sleep(2)\n            driver.save_screenshot(screenshots)\n            with open(screenshots, \"rb\") as image_file:\n                allure.attach(image_file.read(), name=f'Screenshot for {test_name}',  attachment_type=allure.attachment_type.PNG)\n>           assert False\nE           assert False\n\ntests\\test_login.py:89: AssertionError","steps":[],"attachments":[{"uid":"f4272e748344ca3e","name":"Screenshot for test_login_with_empty_fields[chrome]","source":"f4272e748344ca3e.png","type":"image/png","size":66667},{"uid":"1d190a3c875143c4","name":"log","source":"1d190a3c875143c4.txt","type":"text/plain","size":220}],"parameters":[],"attachmentsCount":2,"shouldDisplayMessage":true,"hasContent":true,"attachmentStep":false,"stepsCount":0},"afterStages":[{"name":"setup::0","time":{"start":1725241853086,"stop":1725241855661,"duration":2575},"status":"passed","steps":[],"attachments":[],"parameters":[],"attachmentsCount":0,"shouldDisplayMessage":false,"hasContent":false,"attachmentStep":false,"stepsCount":0}],"labels":[{"name":"severity","value":"blocker"},{"name":"parentSuite","value":"tests"},{"name":"suite","value":"test_login"},{"name":"subSuite","value":"TestLogin"},{"name":"host","value":"CNXFCM5LHW3MGRL"},{"name":"thread","value":"25352-MainThread"},{"name":"framework","value":"pytest"},{"name":"language","value":"cpython3"},{"name":"package","value":"tests.test_login"},{"name":"resultFormat","value":"allure2"}],"parameters":[{"name":"setup","value":"'chrome'"}],"links":[],"hidden":false,"retry":false,"extra":{"severity":"blocker","retries":[{"uid":"645e0fdd582bef95","status":"passed","time":{"start":1725241366290,"stop":1725241367450,"duration":1160}},{"uid":"f6a91f507f23322e","status":"passed","time":{"start":1725241235485,"stop":1725241236452,"duration":967}}],"categories":[{"name":"Product defects","matchedStatuses":[],"flaky":false}],"tags":[]},"source":"1d61087f3730c4af.json","parameterValues":["'chrome'"]}