{"name": "test_addcandidate[chrome]", "status": "broken", "statusDetails": {"message": "selenium.common.exceptions.NoSuchElementException: Message: no such element: Unable to locate element: {\"method\":\"xpath\",\"selector\":\"//*[@type='button' and @class='oxd-button oxd-button--medium oxd-button--secondary']\"}\n  (Session info: chrome=128.0.6613.86); For documentation on this error, please visit: https://www.selenium.dev/documentation/webdriver/troubleshooting/errors#no-such-element-exception\nStacktrace:\n\tGetHandleVerifier [0x00007FF6D7E6B632+29090]\n\t(No symbol) [0x00007FF6D7DDE6E9]\n\t(No symbol) [0x00007FF6D7C9B1CA]\n\t(No symbol) [0x00007FF6D7CEEFD7]\n\t(No symbol) [0x00007FF6D7CEF22C]\n\t(No symbol) [0x00007FF6D7D397F7]\n\t(No symbol) [0x00007FF6D7D1672F]\n\t(No symbol) [0x00007FF6D7D365D9]\n\t(No symbol) [0x00007FF6D7D16493]\n\t(No symbol) [0x00007FF6D7CE09B1]\n\t(No symbol) [0x00007FF6D7CE1B11]\n\tGetHandleVerifier [0x00007FF6D818883D+3294125]\n\tGetHandleVerifier [0x00007FF6D81D4423+3604371]\n\tGetHandleVerifier [0x00007FF6D81CA2E7+3563095]\n\tGetHandleVerifier [0x00007FF6D7F26F16+797318]\n\t(No symbol) [0x00007FF6D7DE986F]\n\t(No symbol) [0x00007FF6D7DE5454]\n\t(No symbol) [0x00007FF6D7DE55E0]\n\t(No symbol) [0x00007FF6D7DD4A7F]\n\t(No symbol) [0x00007FFAF5027374]\n\tRtlUserThreadStart [0x00007FFAF5CBCC91+33]", "trace": "self = <testCases.test_add_candidate.Test_Add_Candidate object at 0x0000022FC52EC2C0>\nsetup = <selenium.webdriver.chrome.webdriver.WebDriver (session=\"8c289686881dd81d860c49d82db1b5b6\")>\n\n    @pytest.mark.Sanity\n    def test_addcandidate(self, setup):\n        self.loggin.info(\"***********************test_addcandidate started**********************\")\n        driver = setup\n        Lp = Login(driver)\n        Lp.set_username(self.email)\n        Lp.set_password(self.password)\n        Lp.click_login()\n        self.loggin.info(\"***********************logging passed**********************\")\n        AddCand = Add_Candidate(driver)\n>       AddCand.set_candidate()\n\ntestCases\\test_add_candidate.py:30: \n_ _ _ _ _ _ _ _ _ _ _ _ _ _ _ _ _ _ _ _ _ _ _ _ _ _ _ _ _ _ _ _ _ _ _ _ _ _ _ _ _ _ _ _ _ _ _ _ _ _ _ _ _ _ _ _ _ _ _ _ _ _ _ _ _ _ _ _ _ _ _ _ _ _ _ _ _ _ \npageObjects\\add_candidatepage.py:25: in set_candidate\n    self.driver.find_element(By.XPATH, self.add_cta).click()\nvenv\\Lib\\site-packages\\selenium\\webdriver\\remote\\webdriver.py:748: in find_element\n    return self.execute(Command.FIND_ELEMENT, {\"using\": by, \"value\": value})[\"value\"]\nvenv\\Lib\\site-packages\\selenium\\webdriver\\remote\\webdriver.py:354: in execute\n    self.error_handler.check_response(response)\n_ _ _ _ _ _ _ _ _ _ _ _ _ _ _ _ _ _ _ _ _ _ _ _ _ _ _ _ _ _ _ _ _ _ _ _ _ _ _ _ _ _ _ _ _ _ _ _ _ _ _ _ _ _ _ _ _ _ _ _ _ _ _ _ _ _ _ _ _ _ _ _ _ _ _ _ _ _ \n\nself = <selenium.webdriver.remote.errorhandler.ErrorHandler object at 0x0000022FC625C8F0>\nresponse = {'status': 404, 'value': '{\"value\":{\"error\":\"no such element\",\"message\":\"no such element: Unable to locate element: {\\...bol) [0x00007FF6D7DD4A7F]\\\\n\\\\t(No symbol) [0x00007FFAF5027374]\\\\n\\\\tRtlUserThreadStart [0x00007FFAF5CBCC91+33]\\\\n\"}}'}\n\n    def check_response(self, response: Dict[str, Any]) -> None:\n        \"\"\"Checks that a JSON response from the WebDriver does not have an\n        error.\n    \n        :Args:\n         - response - The JSON response from the WebDriver server as a dictionary\n           object.\n    \n        :Raises: If the response contains an error message.\n        \"\"\"\n        status = response.get(\"status\", None)\n        if not status or status == ErrorCode.SUCCESS:\n            return\n        value = None\n        message = response.get(\"message\", \"\")\n        screen: str = response.get(\"screen\", \"\")\n        stacktrace = None\n        if isinstance(status, int):\n            value_json = response.get(\"value\", None)\n            if value_json and isinstance(value_json, str):\n                import json\n    \n                try:\n                    value = json.loads(value_json)\n                    if len(value) == 1:\n                        value = value[\"value\"]\n                    status = value.get(\"error\", None)\n                    if not status:\n                        status = value.get(\"status\", ErrorCode.UNKNOWN_ERROR)\n                        message = value.get(\"value\") or value.get(\"message\")\n                        if not isinstance(message, str):\n                            value = message\n                            message = message.get(\"message\")\n                    else:\n                        message = value.get(\"message\", None)\n                except ValueError:\n                    pass\n    \n        exception_class: Type[WebDriverException]\n        e = ErrorCode()\n        error_codes = [item for item in dir(e) if not item.startswith(\"__\")]\n        for error_code in error_codes:\n            error_info = getattr(ErrorCode, error_code)\n            if isinstance(error_info, list) and status in error_info:\n                exception_class = getattr(ExceptionMapping, error_code, WebDriverException)\n                break\n        else:\n            exception_class = WebDriverException\n    \n        if not value:\n            value = response[\"value\"]\n        if isinstance(value, str):\n            raise exception_class(value)\n        if message == \"\" and \"message\" in value:\n            message = value[\"message\"]\n    \n        screen = None  # type: ignore[assignment]\n        if \"screen\" in value:\n            screen = value[\"screen\"]\n    \n        stacktrace = None\n        st_value = value.get(\"stackTrace\") or value.get(\"stacktrace\")\n        if st_value:\n            if isinstance(st_value, str):\n                stacktrace = st_value.split(\"\\n\")\n            else:\n                stacktrace = []\n                try:\n                    for frame in st_value:\n                        line = frame.get(\"lineNumber\", \"\")\n                        file = frame.get(\"fileName\", \"<anonymous>\")\n                        if line:\n                            file = f\"{file}:{line}\"\n                        meth = frame.get(\"methodName\", \"<anonymous>\")\n                        if \"className\" in frame:\n                            meth = f\"{frame['className']}.{meth}\"\n                        msg = \"    at %s (%s)\"\n                        msg = msg % (meth, file)\n                        stacktrace.append(msg)\n                except TypeError:\n                    pass\n        if exception_class == UnexpectedAlertPresentException:\n            alert_text = None\n            if \"data\" in value:\n                alert_text = value[\"data\"].get(\"text\")\n            elif \"alert\" in value:\n                alert_text = value[\"alert\"].get(\"text\")\n            raise exception_class(message, screen, stacktrace, alert_text)  # type: ignore[call-arg]  # mypy is not smart enough here\n>       raise exception_class(message, screen, stacktrace)\nE       selenium.common.exceptions.NoSuchElementException: Message: no such element: Unable to locate element: {\"method\":\"xpath\",\"selector\":\"//*[@type='button' and @class='oxd-button oxd-button--medium oxd-button--secondary']\"}\nE         (Session info: chrome=128.0.6613.86); For documentation on this error, please visit: https://www.selenium.dev/documentation/webdriver/troubleshooting/errors#no-such-element-exception\nE       Stacktrace:\nE       \tGetHandleVerifier [0x00007FF6D7E6B632+29090]\nE       \t(No symbol) [0x00007FF6D7DDE6E9]\nE       \t(No symbol) [0x00007FF6D7C9B1CA]\nE       \t(No symbol) [0x00007FF6D7CEEFD7]\nE       \t(No symbol) [0x00007FF6D7CEF22C]\nE       \t(No symbol) [0x00007FF6D7D397F7]\nE       \t(No symbol) [0x00007FF6D7D1672F]\nE       \t(No symbol) [0x00007FF6D7D365D9]\nE       \t(No symbol) [0x00007FF6D7D16493]\nE       \t(No symbol) [0x00007FF6D7CE09B1]\nE       \t(No symbol) [0x00007FF6D7CE1B11]\nE       \tGetHandleVerifier [0x00007FF6D818883D+3294125]\nE       \tGetHandleVerifier [0x00007FF6D81D4423+3604371]\nE       \tGetHandleVerifier [0x00007FF6D81CA2E7+3563095]\nE       \tGetHandleVerifier [0x00007FF6D7F26F16+797318]\nE       \t(No symbol) [0x00007FF6D7DE986F]\nE       \t(No symbol) [0x00007FF6D7DE5454]\nE       \t(No symbol) [0x00007FF6D7DE55E0]\nE       \t(No symbol) [0x00007FF6D7DD4A7F]\nE       \t(No symbol) [0x00007FFAF5027374]\nE       \tRtlUserThreadStart [0x00007FFAF5CBCC91+33]\n\nvenv\\Lib\\site-packages\\selenium\\webdriver\\remote\\errorhandler.py:229: NoSuchElementException"}, "attachments": [{"name": "log", "source": "5256dc9c-3004-4716-bc8a-555c744fa698-attachment.txt", "type": "text/plain"}], "parameters": [{"name": "setup", "value": "'chrome'"}], "start": 1725143783824, "stop": 1725143795952, "uuid": "5306ba2b-0b54-4755-9ea5-d6e0118c14fc", "historyId": "18c2d529d4f247428df998ab974ff927", "testCaseId": "a08fedf43a08fcff69d41cf0367b6455", "fullName": "testCases.test_add_candidate.Test_Add_Candidate#test_addcandidate", "labels": [{"name": "severity", "value": "critical"}, {"name": "tag", "value": "Sanity"}, {"name": "parentSuite", "value": "testCases"}, {"name": "suite", "value": "test_add_candidate"}, {"name": "subSuite", "value": "Test_Add_Candidate"}, {"name": "host", "value": "CNXFCM5LHW3MGRL"}, {"name": "thread", "value": "12004-MainThread"}, {"name": "framework", "value": "pytest"}, {"name": "language", "value": "cpython3"}, {"name": "package", "value": "testCases.test_add_candidate"}]}